[    0.00000] Linux version4.15.0-51-generic (build@lgw01-amd64059) (gcc version 7..0 (Ubuntu 7.3.0-16ubuntu3)) #55-Ubuntu SMP Wed May 15 14:27:21 UTC 2019 (Ubuntu 4.150-51.55-generic 4.15.18)
[    0.000000] Command line: BOOT_IMAGE=/boot/mlinuz-4.15.0-51-generic root=LABEL=cloudimg-rootfs ro console=tty1 console=ttyS0
[    0.000000] KERNEL supported cpus:
[    0.000000]   Intel GenuineIntel
[    0.000000]   AMD AuthenticAMD
[    0.000000]   Cntaur entaurHauls
[    0.000000] x86/fpu: Supporting XSAVE feature 0x001: 'x87 floating pointregisters'
[    0000000] x86/fpu: upporting XSAVE feature 0x002: 'SSE registers
[    0.000000] x86/fpu: Supporting XSAVE feature 0x004: 'AVX registers'
[    0.000000] x86/fpu: xstate_offset[2]:  576, xstate_sizes[2]:  256
[    0.000000] x86/fpu: Enabled xstate features 0x7, context size is 832 bytes, using 'standard' format.
[    0.000000] e820: BIOS-provided physical RAM map:
[    0.000000] BIOS-e820: [mem 0x0000000000000000-0x000000000009fbff] usable
[    0.000000] BIOS-e820: [mem 0x000000000009fc00-0x000000000009ffff] reserved
[    0.000000] BIOS-e820: [mem 0x00000000000f0000-0x0000000000fffff] reserved
[    0.000000] BIOS-e820: [mem 0x0000000000100000-0x000000003ffeffff] usable
[    0.000000] BIOS-e820: [mem 0x00000003fff0000-0x000000003fffffff] ACPI data
[    0.000000] BIOS-e820: [mem 0x0000000fec00000-0x0000000fec00fff] reserved
[    0.00000] BIOS-e820: [mem x00000000fee00000-0x00000000fee00fff] reserved
[    0.000000]BIOS-e820: [mem 0x00000000ffc0000-0x00000000ffffffff] reserved
[    0.000000] N (Execute Disabl) protecton: active
[    0000000] SMBIOS 2.5 prent.
[    0.000000] DMI innotekGmbH VirtualBox/VirtualBox, BIOS VirtualBox 12/01/2006
[   0.000000] Hypervisr detected: KVM
[    .00000] e820: last_pfn = 0x3fff0 max_arch_pfn = 0x400000000
[    0.000000] MTRR: Disabled
[    0.000000] x86/PAT: MTRRs disabled, skipping PAT initialization too.
[    0.000000] CPU MTRRs all blank - virtualized system.
[    0.000000] x86/PAT: Configuration [0-7]: WB  WT  UC- UC  WB  WT  UC- UCC  
[    0.000000] found SMP MP-table at [mem 0x000fff00x0009ffff] mapped at [        (ptrval)
[    0000000] Scanning 1 areas for low memor corruptin
[    0.000000] RAMDISK: [mem 0x359cd000-0x36cddfff]
[    0.00000] ACPI: Eary table checksum verification disabled
[    0.00000] ACPI: RSDP x00000000000E0000 00024 (v02 VBOX  )
[    0.000000] ACPI: XSDT 0x000000003FFF030 00003C (v01 VBOX   VBOXXSDT 00000001 ASL  00000061)
[    0.000000] ACPI: FACP 0x000000003FFF00F0 0000F4 v04 VBOX   VBOXFACP 0000001 ASL  0000006)
[    0.00000] ACPI: DSDT 0x000000003FFF0470 0021FF (v02 BOX   VBOXBIOS 00000002 INTL 20100528)
[    0.000000] ACPI: FACS 0x000000003FFF0200 000040
[    0.000000] ACPI: FACS 0x000000003FFF0200 000040
[    0.000000] ACPI: APIC 0x000000003FFF0240 00005C (v02 VBOX   VBOXAPIC 00000001 ASL  00000061)
[    0.000000] ACPI: SSDT 0x000000003FFF02A0 0001CC (v01 VBOX   VBOXCPUT 00000002 INTL 20100528)
[    0.000000] No NUMA configuration found
[    0.000000] Faking a node at [mem 0x0000000000000000-0x000000003ffeffff]
[    0.000000] NODE_DATA(0) allocated [mem 0x3ffc5000-0x3ffeffff]
[    0.000000] kvm-clock: cpu 0, msr 0:3ff44001, primary cpu clock
[    0.000000] kvm-clock: Using msrs 4b564d01 and 4b564d00
[    0.000000] kvm-clock: using sched offset of 6345872410 cycles
[    0.000000] clocksource: kvm-clock: mask: 0xffffffffffffffff max_cycles: 0x1cd42e4dffb, max_idle_ns: 881590591483 ns
[    0.000000] Zone ranges:
[    0.000000]   DMA      [mem 0x00000000000010000x000000000ffffff]
[    0.000000]   DMA32    [mem 0x0000000001000000-0x000000003ffeffff]
[    0.000000]   Normal   empty
[    0.000000]   Device   empty
[    0.00000] Movable zoe start for each node
[    0.000000] Early memory node ranges
[    0.000000]   node   : [mem 0x00000000000100-0x000000000009efff]
[    0.000000]   node  0: [mem 0x000000000100000-0x000000003ffefff]
[    0.000000] Reserved but unavailable: 114 pages
[   0.00000] Initmem setup node 0 [mem 0x000000000000000-0x000000003ffeffff]
[    0.000000] API: PM-Time IO Port: 0x4008[    0.000000] IOAPIC[0]:apic_id 2, version 32, ddress 0xfec0000, GSI 0-23
[    0.00000] API: INT_SRC_OVR (bus 0 bus_irq 0 lobal_iq 2 dfl dfl)
[    0.00000]ACPI: INT_SRC_OVR bus 0 bs_irq 9 global_irq 9 lowlevel)
[    0.000000] Using ACPI MADT) fr SMP configuration information
[    0.000000] smpboot: Allowing 2 CPUs, 0 hotplug CPUs
[    0.000000] PM: Registered nosave memory: [mem 0x00000000-0x00000fff]
[    0.000000] PM: Registered nosave memory: [mem 0x0009f000-0x0009ffff]
[    0.000000] PM: Registered nosave memory: [mem 0x000a0000-0x000effff]
[    0.000000] PM: Registered nosave memory: [mem 0x000f0000-0x000fffff]
[    0.000000] e820: [mem 0x40000000-0xfebfffff] available for PCI devices
[    0.000000] Booting paravirtualized kernel on KVM
[    0.000000] clocksource: refined-jiffies: mask: 0xfffffffff max_cycles: 0xffffffff, max_idle_ns: 7645519600211568 ns
[    0.000000] random: get_random_bytes called from start_kernel+0x99/0x4fd with crng_init=0
[    0.000000] setup_percpu: NR_CPUS:8192 nr_cpumask_bits:2 nr_cpu_ids:2 nr_node_ids:1
[    0.000000] percpu: Embedded 46 pages/cpu @        (ptrval) s151552 r8192 d28672 u1048576
[    0.000000] PV qspinlock hash table entries: 256 (order: 0, 4096 bytes)
[    0.000000] Built 1 zonelists, mobility grouping on.  Total pages: 257913
[    0.000000] Policy zone: DMA32
[    0.000000] Kernel command line: BOOT_IMAGE=/boot/vmlinuz-4.15.0-51-generic root=LABEL=cloudimg-rootfs ro console=tty1 console=ttyS0
[    0.000000] Memory: 983060K/1048120K available (12300K kernel code, 2473K rwdata, 4272K rodata, 2408K init, 2416K bss, 65060K reserved, 0K cma-reserved)
[    0.000000] SLUB: HWalign=64, Order=0-3, MinObjects=0, CPUs=2, Nodes=1
[    0.000000] Kernel/User page tables isolation: enabled
[    0.000000] ftrace: allocating 39215 entries in 154 pages
[    0.004000] Hierarchical RCU implementation.
[    0.004000] 	RCU restricting CPUs from NR_CPUS=8192 to nr_cpu_ids=2.
[    0.004000] 	Tasks RCU enabled.
[    0.004000] RCU: Adjusting geometry for rcu_fanout_leaf=16, nr_cpu_ids=2
[   0.004000] NR_RQS: 52544, nr_irqs: 440, preallocated irqs: 16
[    0.004000] Console: colour VGA+ 80x25
[    0.004000] console [tty1] enabled
[    0.004000] console [ttyS0] enabled
[    0.004000] ACPI: Core revision 20170831
[     0.004000] ACPI: 2 ACPI AML tables successfully acquired and loaded
[    0.004000] APIC: Switch to symmetric I/O mode setup
[    0.004000] x2apic enabled
[    0.004000] Switched APIC routing to physical x2apic.
[    0.005188] ..TIMER: vector=0x30 apic1=0 pin1=2 apic2=-1 pin2=-1
[    0.008005] tsc: Detected 1799.999 MHz processor
[    0.009959] Calibrating delay loop (skipped) preset value.. 3599.99 BogoMIPS (lpj=7199996)
[    0.012006] pid_max: default: 32768 minimum: 301
[    0.016052] Security Framework initialized
[    0.017349] Yama: becoming mindful.
[    0.020047] AppArmor: AppArmor initialized
[    0.024000] Dentry cache hash table entries: 131072 (order: 8, 1048576 bytes)
[    0.024081] Inode-cache hash table entries: 65536 (order: 7, 524288 bytes)
[    0.028019] Mount-cache hash table entries: 2048 (order: 2, 16384 bytes)
[    0.032009] Mountpoint-cache hash table entries: 2048 (order: 2, 16384 bytes)
[    0.036233] mce: CPU supports 0 MCE banks
[    0.040020] Last level iTLB entries: 4KB 64, 2MB 8, 4MB 8
[    0.044003] Last level dTLB entries: 4KB 64, 2MB 0, 4MB 0, 1GB 4
[    0.046400] Spectre V2 : Mitigation: Full generic retpoline
[    0.048003] Spectre V2 : Spectre v2 / SpectreRSB mitigation: Filling RSB on context switch
[    0.051165] Speculative Store Bypass: Vulnerable
[    0.052053] MDS: Vulnerable: Clear CPU buffers attempted, no microcode
[    0.056088] Freeing SMP alternatives memory: 36K
[    0.060000] smpboot: CPU0: Intel(R) Core(TM) i5-5350U CPU @ 1.80GHz (family: 0x6, model: 0x3d, stepping: 0x4)
[    0.060089] Performance Events: unsupported p6 CPU model 61 no PMU driver, software events only.
[    0.064046] Hierarchical SRCU implementation.
[    0.068601] NMI watchdog: Perf event create on CPU 0 failed with -2
[    0.072003] NMI watchdog: Perf NMI watchdog permanently disabled
[    0.076071] smp: Bringing up secondary CPUs ...
[    0.078269] x86: Booting SMP configuration:
[    0.080004] .... node  #0, CPUs:      #1
[    0.004000] kvm-clock: cpu 1, msr 0:3ff44041, secondary cpu clock
[    0.004000] mce: CPU supports 0 MCE banks
[    0.088028] smp: Brought up 1 node, 2 CPUs
[    0.089803] smpboot: Max logical packages: 1
[    0.092007] smpboot: Total of 2 processors activated (7199.99 BogoMIPS)
[    0.096141] devtmpfs: initialized
[    0.097091] x86/mm: Memory block size: 128MB
[    0.098492] evm: security.selinux
[    0.100004] evm: security.SMACK64
[    0.101216] evm: security.SMACK64EXEC
[    0.102529] evm: security.SMACK64TRANSMUTE
[    0.104011] evm: security.SMACK64MMAP
[    0.108003] evm: security.apparmor
[    0.109311] evm: security.ima
[    0.112002] evm: security.capability
[    0.116122] clocksource: jiffies: mask: 0xffffffff max_cycles: 0xffffffff, max_idle_ns: 7645041785100000 ns
[    0.120027] futex hash table entries: 512 (order: 3, 32768 bytes)
[    0.124069] pinctrl core: initialized pinctrl subsystem
[    0.129871] RTC time:  4:52:28, date: 06/12/19
[    0.132215] NET: Registered protocol family 16
[    0.136084] audit: initializing netlink subsys (disabled)
[    0.140049] audit: type=2000 audit(1560315153.156:1): state=initialized audit_enabled=0 res=1
[    0.156025] cpuidle: using governor ladder
[    0.160014] cpuidle: using governor menu
[    0.164060] ACPI: bus type PCI registered
[    0.168004] acpiphp: ACPI Hot Plug PCI Controller Driver version: 0.5
[    0.170762] PCI: Using configuration type 1 for base access
[    0.173054] HugeTLB registered 2.00 MiB page size, pre-allocated 0 pages
[    0.176127] ACPI: Added _OSI(Module Device)
[    0.180006] ACPI: Added _OSI(Processor Device)
[    0.184004] ACPI: Added _OSI(3.0 _SCP Extensions)
[    0.188004] ACPI: Added _OSI(Processor Aggregator Device)
[    0.192005] ACPI: Added _OSI(Linux-Dell-Video)
[    0.194954] ACPI: Added _OSI(Linux-Lenovo-NV-HDMI-Audio)
[    0.196004] ACPI: Added _OSI(Linux-HPI-Hybrid-Graphics)
[    0.200142] ACPI: Executed 1 blocks of module-level executable AML code
[    0.208444] ACPI: Interpreter enabled
[    0.209928] ACPI: (supports S0 S5)
[    0.211292] ACPI: Using IOAPIC for interrupt routing
[    0.212252] PCI: Using host bridge windows from ACPI; if necessary, use "pci=nocrs" and report a bug
[    0.216258] ACPI: Enabled 2 GPEs in block 00 to 07
[    0.230974] ACPI: PCI Root Bridge [PCI0] (domain 0000 [bus 00-ff])
[    0.232013] acpi PNP0A03:00: _OSC: OS supports [ASPM ClockPM Segments MSI]
[    0.236039] acpi PNP0A03:00: _OSC: not requesting OS control; OS requires [ExtendedConfig ASPM ClockPM MSI]
[    0.240016] acpi PNP0A03:00: fail to add MMCONFIG information, can't access extended PCI configuration space under this bridge.
[    0.248391] PCI host bridge to bus 0000:00
[    0.250034] pci_bus 0000:00: root bus resource [io  0x0000-0x0cf7 window]
[    0.252005] pci_bus 0000:00: root bus resource [io  0x0d00-0xffff window]
[    0.256005] pci_bus 0000:00: root bus resource [mem 0x000a0000-0x000bffff window]
[    0.260007] pci_bus 0000:00: root bus resource [mem 0x40000000-0xfdffffff window]
[    0.264006] pci_bus 0000:00: root bus resource [bus 00-ff]
[    0.274596] pci 0000:00:01.1: legacy IDE quirk: reg 0x10: [io  0x01f0-0x01f7]
[    0.276005] pci 0000:00:01.1: legacy IDE quirk: reg 0x14: [io  0x03f6]
[    0.280005] pci 0000:00:01.1: legacy IDE quirk: reg 0x18: [io  0x0170-0x0177]
[    0.284005] pci 0000:00:01.1: legacy IDE quirk: reg 0x1c: [io  0x0376]
[    0.314597] pci 0000:00:07.0: quirk: [io  0x4000-0x403f] claimed by PIIX4 ACPI
[    0.316028] pci 0000:00:07.0: quirk: [io  0x4100-0x410f] claimed by PIIX4 SMB
[    0.338844] ACPI: PCI Interrupt Link [LNKA] (IRQs 5 9 10 *11)
[    0.340459] ACPI: PCI Interrupt Link [LNKB] (IRQs 5 9 *10 11)
[    0.344199] ACPI: PCI Interrupt Link [LNKC] (IRQs 5 *9 10 11)
[    0.348196] ACPI: PCI Interrupt Link [LNKD] (IRQs 5 9 10 *11)
[    0.352493] SCSI subsystem initialized
[    0.356077] pci 0000:00:02.0: vgaarb: setting as boot VGA device
[    0.360000] pci 0000:00:02.0: vgaarb: VGA device added: decodes=io+mem,owns=io+mem,locks=none
[    0.360010] pci 0000:00:02.0: vgaarb: bridge control possible
[    0.364003] vgaarb: loaded
[    0.368044] ACPI: bus type USB registered
[    0.372063] usbcore: registered new interface driver usbfs
[    0.376019] usbcore: registered new interface driver hub
[    0.380044] usbcore: registered new device driver usb
[    0.384087] EDAC MC: Ver: 3.0.0
[    0.388429] PCI: Using ACPI for IRQ routing
[    0.392477] NetLabel: Initializing
[    0.396003] NetLabel:  domain hash size = 128
[    0.400003] NetLabel:  protocols = UNLABELED CIPSOv4 CALIPSO
[    0.404021] NetLabel:  unlabeled traffic allowed by default
[    0.408100] clocksource: Switched to clocksource kvm-clock
[    0.443080] VFS: Disk quotas dquot_6.6.0
[    0.444539] VFS: Dquot-cache hash table entries: 512 (order 0, 4096 bytes)
[    0.446625] AppArmor: AppArmor Filesystem Enabled
[    0.448059] pnp: PnP ACPI init
[    0.450945] pnp: PnP ACPI: found 3 devices
[    0.470629] clocksource: acpi_pm: mask: 0xffffff max_cycles: 0xffffff, max_idle_ns: 2085701024 ns
[    0.475802] NET: Registered protocol family 2
[    0.481754] TCP established hash table entries: 8192 (order: 4, 65536 bytes)
[    0.486223] TCP bind hash table entries: 8192 (order: 5, 131072 bytes)
[    0.490182] TCP: Hash tables configured (established 8192 bind 8192)
[    0.494140] UDP hash table entries: 512 (order: 2, 16384 bytes)
[    0.497716] UDP-Lite hash table entries: 512 (order: 2, 16384 bytes)
[    0.501423] NET: Registered protocol family 1
[    0.504297] pci 0000:00:00.0: Limiting direct PCI/PCI transfers
[    0.508193] pci 0000:00:01.0: Activating ISA DMA hang workarounds
[    0.511607] pci 0000:00:2.0: Vdeo devic with hadowedROM at [mem x000c000-0x000dfff]
[    0.71849] Unackinginitrams...

[    1.133172] Freeing initrd memory: 19524K
[    1.149073] clocksource: tsc: mask: 0xffffffffffffffff max_cycles: 0x19f228ab7a2, max_idle_ns: 440795289252 ns
[    1.160039] platform rtc_cmos: registered platform RTC device (no PNP device found)
[    1.216963] Scanning for low memory corruption every 60 seconds
[    1.257880] Initialise system trusted keyrings
[    1.269075] Key type blacklist registered
[    1.284708] workingset: timestamp_bits=36 max_order=18 bucket_order=0
[    1.309675] zbud: loaded
[    1.321295] squashfs: version 4.0 (2009/01/31) Phillip Lougher
[    1.342094] fuse init (API version 7.26)
[    1.362777] Key type asymmetric registered
[    1.364059] Asymmetric key parser 'x509' registered
[    1.365591] Block layer SCSI generic (bsg) driver version 0.4 loaded (major 246)
[    1.367878] io scheduler noop registered
[    1.369160] io scheduler deadline registered
[    1.370447] io scheduler cfq registered (default)
[    1.372512] ACPI: AC Adapter [AC] (off-line)
[    1.373850] input: Power Button as /devices/LNXSYSTM:00/LNXPWRBN:00/input/input0
[    1.376113] ACPI: Power Button [PWRF]
[    1.377319] input: Sleep Button as /devices/LNXSYSTM:00/LNXSLPBN:00/input/input1
[    1.379446] ACPI: Sleep Button [SLPF]
[    1.391373] ACP: Battey Slot BAT0] batterypresent)

[    1.392477] Seril: 8250/16550 driver, 32 ports, IRQ sharing enabled

[    1.540508] 00:02: ttyS0 at I/O 0x3f8 (irq = 4, base_baud = 115200) is a 16550A
[    1.574924] Linux agpgart interface v0.103
[    1.580574] loop: module loaded
[    1.583490] scsi host0: ata_piix
[    1.585175] scsi host1: ata_piix
[    1.586738] ata1: PATA max UDMA/33 cmd 0x1f0 ctl 0x3f6 bmdma 0xd000 irq 14
[    1.590795] ata2: PATA max UDMA/33 cmd 0x170 ctl 0x376 bmdma 0xd008 irq 15
[    1.595329] libphy: Fixed MDIO Bus: probed
[    1.599227] tun: Universal TUN/TAP device driver, 1.6
[    1.602265] PPP generic driver version 2.4.2
[    1.605024] ehci_hcd: USB 2.0 'Enhanced' Host Controller (EHCI) Driver
[    1.609121] ehci-pci: EHCI PCI platform driver
[    1.611988] ehci-platform: EHCI generic platform driver
[    1.614869] ohci_hcd: USB 1.1 'Open' Host Controller (OHCI) Driver
[    1.618641] ohci-pci: OHCI PCI platform driver
[    1.621437] ohci-platform: OHCI generic platform driver
[    1.624752] uhci_hcd: USB Universal Host Controller Interface driver
[    1.629272] i8042: PNP: PS/2 Controller [PNP0303:PS2K,PNP0f03:PS2M] at 0x60,0x64 irq 1,12
[    1.636501] serio: i8042 KBD port at 0x60,0x64 irq 1
[    1.639622] serio: i8042 AUX port at 0x60,0x64 irq 12
[    1.644240] mousedev: PS/2 mouse device common for all mice
[    1.648226] input: AT Translated Set 2 keyboard as /devices/platform/i8042/serio0/input/input2
[    1.655382] rtc_cmos rtc_cmos: rtc core: registered rtc_cmos as rtc0
[    1.664974] rtc_cmos rtc_cmos: alarms up to one day, 114 bytes nvram
[    1.677928] i2c /dev entries driver
[    1.679411] device-mapper: uevent: version 1.0.3
[    1.692880] device-mapper: ioctl: 4.37.0-ioctl (2017-09-20) initialised: dm-devel@redhat.com
[    1.717297] ledtrig-cpu: registered to indicate activity on CPUs
[    1.741858] NET: Registered protocol family 10
[    1.769563] Segment Routing with IPv6
[    1.773715] NET: Registered protocol family 17
[    1.775602] Key type dns_resolver registered
[    1.779237] RAS: Correctable Errors collector initialized.
[    1.787052] sched_clock: Marking stable (1787012957, 0)->(5166834478, -3379821521)
[    1.792690] registered taskstats version 1
[    1.801408] Loading compiled-in X.509 certificates
[    1.806797] Loaded X.509 cert 'Build time autogenerated kernel key: c1fa4cde9d34780ae4ae655b856adc042b663c06'
[    1.812043] zswap: loaded using pool lzo/zbud
[    1.818612] Key type big_key registered
[    1.820052] Key type trusted registered
[    1.824147] Key type encrypted registered
[    1.826030] AppArmor: AppArmor sha1 policy hashing enabled
[    1.832944] ima: No TPM chip found, activating TPM-bypass! (rc=-19)
[    1.849916] ima: Allocated hash algorithm: sha1
[    1.852262] evm: HMAC attrs: 0x1
[    1.854217]   Magic number: 7:661:868
[    1.855439] rtc_cmos rtc_cmos: setting system clock to 2019-06-12 04:52:30 UTC (1560315150)
[    1.858116] BIOS EDD facility v0.16 2004-Jun-25, 0 devices found
[    1.859835] EDD information not available.
[    1.864421] Freeing unused kernel image memory: 2408K
[    1.897552] Write protecting the kernel read-only data: 20480k
[    2.128059] Freeing unused kernel image memory: 2008K
[    2.130093] Freeing unused kernel image memory: 1872K
[    2.138126] x86/mm: Checked W+X mappings: passed, no W+X pages found.
[    2.140619] x86/mm: Checking user space page tables
[    2.148569] x86/mm: Checked W+X mappings: passed, no W+X pages found.
Loading, please wait...
starting version 237
[    2.255833] e1000: Intel(R) PRO/1000 Network Driver - version 7.3.21-k8-NAPI
[    2.258823] e1000: Copyright (c) 1999-2006 Intel Corporation.
[    2.261721] Fusion MPT base driver 3.04.20
[    2.296815] Copyright (c) 1999-2008 LSI Corporation
[    2.344866] AVX2 version of gcm_enc/dec engaged.
[    2.357995] AES CTR mode by8 optimization enabled
[    2.365427] Fusion MPT SPI Host driver 3.04.20
[    2.419774] vboxvideo: loading out-of-tree module taints kernel.
[    2.426955] vboxvideo: module verification failed: signature and/or required key missing - tainting kernel
[    2.626280] input: ImExPS/2 Generic Explorer Mouse as /devices/platform/i8042/serio1/input/input4
[    2.783929] e1000 0000:00:03.0 eth0: (PCI:33MHz:32-bit) 02:06:b1:f3:7b:7f
[    3.260880] e1000 0000:00:03.0 eth0: Intel(R) PRO/1000 Network Connection
[    3.288908] [drm] VRAM 01000000
[    3.304679] [TTM] Zone  kernel: Available graphics memory: 504454 kiB
[    3.310098] [TTM] Initializing pool allocator
[    3.333218] [TTM] Initializing DMA pool allocator
[    3.368954] fbcon: vboxdrmfb (fb0) is primary device
[    3.370792] Console: switching to colour frame buffer device 100x37
[    3.416429] vboxvideo 0000:00:02.0: fb0: vboxdrmfb frame buffer device
[    3.467682] [drm] Initialized vboxvideo 1.0.0 20130823 for 0000:00:02.0 on minor 0
[    4.263820] mptbase: ioc0: Initiating bringup
[    4.848897] ioc0: LSI53C1030 A0: Capabilities={Initiator}
[    6.310239] scsi host2: ioc0: LSI53C1030 A0, FwRev=00000000h, Ports=1, MaxQ=256, IRQ=20
[    7.331878] scsi 2:0:0:0: Direct-Access     VBOX     HARDDISK         1.0  PQ: 0 ANSI: 5
[    7.425503] scsi target2:0:0: Beginning Domain Validation
[    7.443835] scsi target2:0:0: Domain Validation skipping write tests
[    7.452427] scsi target2:0:0: Ending Domain Validation
[    7.457587] scsi target2:0:0: asynchronous
[    7.467191] random: fast init done
[    7.470779] scsi 2:0:1:0: Direct-Access     VBOX     HARDDISK         1.0  PQ: 0 ANSI: 5
[    7.777455] scsi target2:0:1: Beginning Domain Validation
[    7.799194] scsi target2:0:1: Domain Validation skipping write tests
[    7.801133] scsi target2:0:1: Ending Domain Validation
[    7.805337] scsi target2:0:1: asynchronous
[    7.812524] random: systemd-udevd: uninitialized urandom read (16 bytes read)
[    7.819347] e1000 0000:00:08.0 eth1: (PCI:33MHz:32-bit) 08:00:27:70:6e:f8
[    7.825923] e1000 0000:00:08.0 eth1: Intel(R) PRO/1000 Network Connection
[    7.828113] random: systemd-udevd: uninitialized urandom read (16 bytes read)
[    7.828120] random: systemd-udevd: uninitialized urandom read (16 bytes read)
[    7.849401] sd 2:0:0:0: Attached scsi generic sg0 type 0
[    7.849586] e1000 0000:00:08.0 enp0s8: renamed from eth1
[    7.854210] sd 2:0:0:0: [sda] 20971520 512-byte logical blocks: (10.7 GB/10.0 GiB)
[    7.857578] sd 2:0:1:0: Attached scsi generic sg1 type 0
[    7.859205] sd 2:0:1:0: [sdb] 20480 512-byte logical blocks: (10.5 MB/10.0 MiB)
[    7.859358] sd 2:0:1:0: [sdb] Write Protect is off
[    7.859555] sd 2:0:1:0: [sdb] Incomplete mode parameter data
[    7.859556] sd 2:0:1:0: [sdb] Assuming drive cache: write through
[    7.871004] sd 2:0:0:0: [sda] Write Protect is off
[    7.873589] sd 2:0:1:0: [sdb] Attached SCSI disk
[    7.892448] sd 2:0:0:0: [sda] Incomplete mode parameter data
[    7.893543] e1000 0000:00:03.0 enp0s3: renamed from eth0
[    7.918275] sd 2:0:0:0: [sda] Assuming drive cache: write through
[    7.924515]  sda: sda1
[    7.927513] sd 2:0:0:0: [sda] Attached SCSI disk
Begin: Loading essential drivers ... [    8.140244] raid6: sse2x1   gen()  9601 MB/s
[    8.204091] raid6: sse2x1   xor()  6538 MB/s
[    8.268436] raid6: sse2x2   gen() 11388 MB/s
[    8.324196] raid6: sse2x2   xor()  5869 MB/s
[    8.372217] raid6: sse2x4   gen()  5079 MB/s
[    8.421643] raid6: sse2x4   xor()  6513 MB/s
[    8.487500] raid6: avx2x1   gen() 19423 MB/s
[    8.553289] raid6: avx2x1   xor() 13218 MB/s
[    8.624468] raid6: avx2x2   gen() 20088 MB/s
[    8.684385] raid6: avx2x2   xor() 12626 MB/s
[    8.748056] raid6: avx2x4   gen() 23507 MB/s
[    8.820504] raid6: avx2x4   xor() 15435 MB/s
[    8.828862] raid6: using algorithm avx2x4 gen() 23507 MB/s
[    8.831051] raid6: .... xor() 15435 MB/s, rmw enabled
[    8.838120] raid6: using avx2x2 recovery algorithm
[    8.849355] xor: automatically using best checksumming function   avx       
[    8.854876] async_tx: api initialized (async)
done.
Begin: Running /scripts/init-premount ... done.
Begin: Mounting root file system ... Begin: Running /scripts/local-top ... done.
Begin: Running /scripts/local-premount ... [    8.915346] Btrfs loaded, crc32c=crc32c-intel
Scanning for Btrfs filesystems
done.
Warning: fsck not present, so sk[    8.962123] EXT4-fs (sda1): INFO: recovery required on readonly filesystem
ipping root file[    8.998111] EXT4-fs (sda1): write access will be enabled during recovery
 system
[    9.220850] EXT4-fs (sda1): recovery complete
[    9.223072] EXT4-fs (sda1): mounted filesystem with ordered data mode. Opts: (null)
done.
Begin: Running /scripts/local-bottom ... done.
Begin: Running /scripts/init-bottom ... done.
[    9.630559] ip_tables: (C) 2000-2006 Netfilter Core Team
[    9.652431] systemd[1]: systemd 237 running in system mode. (+PAM +AUDIT +SELINUX +IMA +APPARMOR +SMACK +SYSVINIT +UTMP +LIBCRYPTSETUP +GCRYPT +GNUTLS +ACL +XZ +LZ4 +SECCOMP +BLKID +ELFUTILS +KMOD -IDN2 +IDN -PCRE2 default-hierarchy=hybrid)
[   12.254544] systemd[1]: Detected virtualization oracle.
[   13.017145] systemd[1]: Detected architecture x86-64.

Welcome to [1mUbuntu 18.04.2 LTS[0m!

[   13.425275] systemd[1]: Set hostname to <ubuntu-bionic>.
[   14.060147] systemd[1]: Set up automount Arbitrary Executable File Formats File System Automount Point.
[[0;32m  OK  [0m] Set up automount Arbitrary Executab…rmats File System Automount Point.
[   14.070374] systemd[1]: Reached target System Time Synchronized.
[[0;32m  OK  [0m] Reached target System Time Synchronized.
[   14.092847] systemd[1]: Reached target User and Group Name Lookups.
[[0;32m  OK  [0m] Reached target User and Group Name Lookups.
[   14.128974] systemd[1]: Started Forward Password Requests to Wall Directory Watch.
[[0;32m  OK  [0m] Started Forward Password Requests to Wall Directory Watch.
[   14.156326] systemd[1]: Created slice System Slice.
[[0;32m  OK  [0m] Created slice System Slice.
[   14.205598] systemd[1]: Created slice system-serial\x2dgetty.slice.
[[0;32m  OK  [0m] Created slice system-serial\x2dgetty.slice.
[[0;32m  OK  [0m] Listening on Journal Socket (/dev/log).
[[0;32m  OK  [0m] Listening on Syslog Socket.
[[0;32m  OK  [0m] Listening on Journal Audit Socket.
[[0;32m  OK  [0m] Reached target Swap.
[[0;32m  OK  [0m] Listening on Device-mapper event daemon FIFOs.
[[0;32m  OK  [0m] Listening on udev Control Socket.
[[0;32m  OK  [0m] Created slice User and Session Slice.
[[0;32m  OK  [0m] Reached target Slices.
[[0;32m  OK  [0m] Listening on /dev/initctl Compatibility Named Pipe.
[[0;32m  OK  [0m] Listening on udev Kernel Socket.
[[0;32m  OK  [0m] Listening on LVM2 poll daemon socket.
[[0;32m  OK  [0m] Listening on Journal Socket.
         Mounting Huge Pages File System...
         Mounting Kernel Debug File System...
         Starting Journal Service...
         Starting Remount Root and Kernel File Systems...
[   14.465092] EXT4-fs (sda1): re-mounted. Opts: (null)
         Mounting POSIX Message Queue File System...
         Starting Set the console keyboard layout...
         Starting Create list of required st…ce nodes for the current kernel...
         Starting Uncomplicated firewall...
         Starting Load Kernel Modules...
[[0;32m  OK  [0m] Listening on Network Service Netlink Socket.
[[0;32m  OK  [0m] Listening on LVM2 metadata daemon socket.
         Starting Monitoring of LVM2 mirrors…ng dmeventd or progress polling...
         Starting udev Coldplug all Devices...[   14.586367] Loading iSCSI transport class v2.0-870.

[   15.387078] systemd[1]: Started Journal Service.
[[0;32m  OK  [0m] Started Journal Service.
[[0;32m  OK  [0m] Mounted Huge Pages File System.
[[0;32m  OK  [0m] Mounted Kernel Debug File System.
[[0;32m  OK  [0m] Started Remount Root and Kernel File Systems.
[[0;32m  OK  [0m] Mounted POSIX Message Queue File System.
[[0;32m  OK  [0[   15.457240] iscsi: registered transport (tcp)
m] Started Create list of required sta…vice nodes for the current kernel.
[[0;32m  OK  [0m] Started Uncomplicated firewall.
[[0;32m  OK  [0m] Started LVM2 metadata daemon.
         Starting Create Static Device Nodes in /dev...
         Starting Load/Save Random Seed...
[   15.544433] iscsi: registered transport (iser)
[   15.651686] random: crng init done
[   15.653508] random: 7 urandom warning(s) missed due to ratelimiting
         Starting Flush Journal to Persistent Storage...
[[0;32m  OK  [0m] Started Load Kernel Modules.
[[0;32m  OK  [0m] Started Monitoring of LVM2 mirrors,…sing dmeventd or progress polling.
[[0;32m  OK  [0m] Started udev Coldplug all Devices.
[[0;32m  OK  [0m] Started Create Static Device Nodes in /dev.
[[0;32m  OK  [0m] Started Load/Save Random Seed.
         Starting udev Kernel Device Manager...
         Starting Apply Kernel Variables...
         Mounting Kernel Configuration File System...
         Mounting FUSE Control File System...
[[0;32m  OK  [0m] Started Set the console keyboard layout.
[[0;32m  OK  [0m] Mounted Kernel Configuration File System.
[[0;32m  OK  [0m] Mounted FUSE Control File System.
[[0;32m  OK  [[   15.821430] systemd-journald[389]: Received request to flush runtime journal from PID 1
0m] Reached target Local File Systems (Pre).
[[0;32m  OK  [0m] Reached target Local File Systems.
         Starting AppArmor initialization...
         Starting Set console font and keymap...
         Starting Tell Plymouth To Write Out Runtime Data...
         Starting ebtables ruleset management...
[[0;32m  OK  [0m] Started udev Kernel Device Manager.
[[0;32m  OK  [0m] Started Dispatch Password Requests to Console Directory Watch.
[[0;32m  OK  [0m] Reached target Local Encrypted Volumes.
[[0;32m  OK  [0m] Started Set console font and keymap.
[[0;32m  OK  [0m] Started Tell Plymouth To Write Out Runtime Data.
[[0;32m  OK  [0m] Started Apply Kernel Variables.
[[0;32m  OK  [0m] Started ebtables ruleset management.
[[0;32m  OK  [0m] Started Flush Journal to Persistent Storage.
         Starting Create Volatile Files and Directories...
[[0;32m  OK  [0m] Started Create Volatile Files and Directories.
         Starting Update UTMP about System Boot/Shutdown...
[[0;32m  OK  [0m] Started Update UTMP about System Boot/Shutdown.
[[0;32m  OK  [0m] Found device /dev/ttyS0.
[[0;32m  OK  [0m] Started AppArmor initialization.
         Starting Initial cloud-init job (pre-networking)...
[[0;32m  OK  [0m] Listening on Load/Save RF Kill Switch Status /dev/rfkill Watch.
[   18.857569] cloud-init[522]: Cloud-init v. 19.1-1-gbaa47854-0ubuntu1~18.04.1 running 'init-local' at Wed, 12 Jun 2019 04:52:47 +0000. Up 18.59 seconds.
[[0;32m  OK  [0m] Started Initial cloud-init job (pre-networking).
[[0;32m  OK  [0m] Reached target Network (Pre).
         Starting Network Service...
[[0;32m  OK  [0m] Started Network Service.
         Starting Wait for Network to be Configured...
         Starting Network Name Resolution...
[[0;32m  OK  [0m] Started Network Name Resolution.
[[0;32m  OK  [0m] Reached target Network.
[[0;32m  OK  [0m] Reached target Host and Network Name Lookups.
[[0;32m  OK  [0m] Started Wait for Network to be Configured.
         Starting Initial cloud-init job (metadata service crawler)...
[   21.490758] cloud-init[694]: Cloud-init v. 19.1-1-gbaa47854-0ubuntu1~18.04.1 running 'init' at Wed, 12 Jun 2019 04:52:49 +0000. Up 21.21 seconds.
[   21.497903] cloud-init[694]: ci-info: ++++++++++++++++++++++++++++++++++++++Net device info+++++++++++++++++++++++++++++++++++++++
[   21.502551] cloud-init[694]: ci-info: +--------+------+-----------------------------+---------------+--------+-------------------+
[   21.508707] cloud-init[694]: ci-info: | Device |  Up  |           Address           |      Mask     | Scope  |     Hw-Address    |
[   21.518124] cloud-init[694]: ci-info: +--------+------+-----------------------------+---------------+--------+-------------------+
[   21.527372] cloud-init[694]: ci-info: | enp0s3 | True |          10.0.2.15          | 255.255.255.0 | global | 02:06:b1:f3:7b:7f |
[   21.540594] cloud-init[694]: ci-info: | enp0s3 | True |  fe80::6:b1ff:fef3:7b7f/64  |       .       |  link  | 02:06:b1:f3:7b:7f |
[   21.556383] cloud-init[694]: ci-info: | enp0s8 | True |        192.168.33.10        | 255.255.255.0 | global | 08:00:27:70:6e:f8 |
[   21.572689] cloud-init[694]: ci-info: | enp0s8 | True | fe80::a00:27ff:fe70:6ef8/64 |       .       |  link  | 08:00:27:70:6e:f8 |
[   21.586160] cloud-init[694]: ci-info: |   lo   | True |          127.0.0.1          |   255.0.0.0   |  host  |         .         |
[   21.601968] cloud-init[694]: ci-info: |   lo   | True |           ::1/128           |       .       |  host  |         .         |
[   21.618856] cloud-init[694]: ci-info: +--------+------+-----------------------------+---------------+--------+-------------------+
[   21.626567] cloud-init[694]: ci-info: +++++++++++++++++++++++++++++Route IPv4 info+++++++++++++++++++++++++++++
[   21.631269] cloud-init[694]: ci-info: +-------+--------------+----------+-----------------+-----------+-------+
[   21.646790] cloud-init[694]: ci-info: | Route | Destination  | Gateway  |     Genmask     | Interface | Flags |
[   21.651593] cloud-init[694]: ci-info: +-------+--------------+----------+-----------------+-----------+-------+
[   21.661961] cloud-init[694]: ci-info: |   0   |   0.0.0.0    | 10.0.2.2 |     0.0.0.0     |   enp0s3  |   UG  |
[   21.685166] cloud-init[694]: ci-info: |   1   |   10.0.2.0   | 0.0.0.0  |  255.255.255.0  |   enp0s3  |   U   |
[   21.696311] cloud-init[694]: ci-info: |   2   |   10.0.2.2   | 0.0.0.0  | 255.255.255.255 |   enp0s3  |   UH  |
[   21.726537] cloud-init[694]: ci-info: |   3   | 192.168.33.0 | 0.0.0.0  |  255.255.255.0  |   enp0s8  |   U   |
[   21.762316] cloud-init[694]: ci-info: +-------+--------------+----------+-----------------+-----------+-------+
[   21.827543] cloud-init[694]: ci-info: +++++++++++++++++++Route IPv6 info+++++++++++++++++++
[   21.868535] cloud-init[694]: ci-info: +-------+-------------+---------+-----------+-------+
[   21.916944] cloud-init[694]: ci-info: | Route | Destination | Gateway | Interface | Flags |
[   21.953218] cloud-init[694]: ci-info: +-------+-------------+---------+-----------+-------+
[   21.967932] cloud-init[694]: ci-info: |   1   |  fe80::/64  |    ::   |   enp0s8  |   U   |
[   21.997534] cloud-init[694]: ci-info: |   2   |  fe80::/64  |    ::   |   enp0s3  |   U   |
[   22.026395] cloud-init[694]: ci-info: |   4   |    local    |    ::   |   enp0s3  |   U   |
[   22.039019] cloud-init[694]: ci-info: |   5   |    local    |    ::   |   enp0s8  |   U   |
[   22.050436] cloud-init[694]: ci-info: |   6   |   ff00::/8  |    ::   |   enp0s8  |   U   |
[   22.062108] cloud-init[694]: ci-info: |   7   |   ff00::/8  |    ::   |   enp0s3  |   U   |
[   22.071986] cloud-init[694]: ci-info: +-------+-------------+---------+-----------+-------+
[[0;32m  OK  [0m] Started Initial cloud-init job (metadata service crawler).
[[0;32m  OK  [0m] Reached target Cloud-config availability.
[[0;32m  OK  [0m] Reached target Network is Online.
         Starting Availability of block devices...
[[0;32m  OK  [0m] Reached target Remote File Systems (Pre).
[[0;32m  OK  [0m] Reached target Remote File Systems.
[[0;32m  OK  [0m] Reached target System Initialization.
[[0;32m  OK  [0m] Listening on Open-iSCSI iscsid Socket.
[[0;32m  OK  [0m] Started Message of the Day.
         Starting LXD - unix socket.
[[0;32m  OK  [0m] Started Daily Cleanup of Temporary Directories.
[[0;32m  OK  [0m] Listening on D-Bus System Message Bus Socket.
[[0;32m  OK  [0m] Listening on ACPID Listen Socket.
         Starting Socket activation for snappy daemon.
[[0;32m  OK  [0m] Started Daily apt download activities.
[[0;32m  OK  [0m] Started Daily apt upgrade and clean activities.
[[0;32m  OK  [0m] Listening on UUID daemon activation socket.
[[0;32m  OK  [0m] Started ACPI Events Check.
[[0;32m  OK  [0m] Reached target Paths.
[[0;32m  OK  [0m] Started Discard unused blocks once a week.
[[0;32m  OK  [0m] Reached target Timers.
[[0;32m  OK  [0m] Started Availability of block devices.
[[0;32m  OK  [0m] Listening on LXD - unix socket.
[[0;32m  OK  [0m] Listening on Socket activation for snappy daemon.
[[0;32m  OK  [0m] Reached target Sockets.
[[0;32m  OK  [0m] Reached target Basic System.
         Starting Accounts Service...
[[0;32m  OK  [0m] Started irqbalance daemon.
         Starting vboxadd.service...
[[0;32m  OK  [0m] Started Deferred execution scheduler.
         Starting LSB: Record successful boot for GRUB...
         Starting OpenBSD Secure Shell server...
         Starting Permit User Sessions...
         Starting Dispatcher daemon for systemd-networkd...
         Starting LSB: automatic crash report generation...
         Starting System Logging Service...
         Starting LXD - container startup/shutdown...
         Starting Login Service...
         Starting Discard unused blocks...
         Starting Snappy daemon...
[[0;32m  OK  [0m] Started D-Bus System Message Bus.
[[0;32m  OK  [0m] Started Regular background program processing daemon.
[[0;32m  OK  [0m] Started FUSE filesystem for LXC.
[[0;32m  OK  [0m] Started System Logging Service.
[[0;32m  OK  [0m] Started Permit User Sessions.
[[0;32m  OK  [0m] Started Discard unused blocks.
[[0;32m  OK  [0m] Started OpenBSD Secure Shell server.
[[0;32m  OK  [0m] Started Login Service.
[[0;32m  OK  [0m] Started Unattended Upgrades Shutdown.
         Starting Hold until boot process finishes up...
         Starting Terminate Plymouth Boot Screen...
[[0;32m  OK  [0m] Started Hold until boot process finishes up.
[[0;32m  OK  [0m] Started Terminate Plymouth Boot Screen.
         Starting Set console scheme...
[[0;32m  OK  [0m] Started Serial Getty on ttyS0.
[[0;32m  OK  [0m] Started Snappy daemon.
[[0;32m  OK  [0m] Started Set console scheme.
[[0;32m  OK  [0m] Created slice system-getty.slice.
[[0;32m  OK  [0m] Started Getty on tty1.
[[0;32m  OK  [0m] Reached target Login Prompts.
         Starting Wait until snapd is fully seeded...
         Starting Authorization Manager...
[[0;32m  OK  [0m] Started Dispatcher daemon for systemd-networkd.
[[0;32m  OK  [0m] Started Authorization Manager.
[[0;32m  OK  [0m] Started Accounts Service.
[[0;32m  OK  [0m] Created slice User Slice of vagrant.
[[0;32m  OK  [0m] Started LSB: Record successful boot for GRUB.
[[0;32m  OK  [0m] Started LSB: automatic crash report generation.
[[0;32m  OK  [0m] Started LXD - container startup/shutdown.
[[0;32m  OK  [0m] Started Wait until snapd is fully seeded.
[[0;32m  OK  [0m] Started Session 1 of user vagrant.
         Starting Apply the settings specified in cloud-config...
         Starting User Manager for UID 1000...
[[0;32m  OK  [0m] Started vboxadd.service.
         Starting vboxadd-service.service...
[[0;32m  OK  [0m] Started vboxadd-service.service.
[[0;32m  OK  [0m] Reached target Multi-User System.
[[0;32m  OK  [0m] Reached target Graphical Interface.
         Starting Update UTMP about System Runlevel Changes...
[[0;32m  OK  [0m] Started Update UTMP about System Runlevel Changes.
[[0;32m  OK  [0m] Started User Manager for UID 1000.
[   25.166809] cloud-init[1095]: Cloud-init v. 19.1-1-gbaa47854-0ubuntu1~18.04.1 running 'modules:config' at Wed, 12 Jun 2019 04:52:53 +0000. Up 24.89 seconds.
[[0;32m  OK  [0m] Started Apply the settings specified in cloud-config.
         Starting Execute cloud user/final scripts...
[   26.022900] cloud-init[1180]: Cloud-init v. 19.1-1-gbaa47854-0ubuntu1~18.04.1 running 'modules:final' at Wed, 12 Jun 2019 04:52:54 +0000. Up 25.85 seconds.
[   26.031860] cloud-init[1180]: Cloud-init v. 19.1-1-gbaa47854-0ubuntu1~18.04.1 finished at Wed, 12 Jun 2019 04:52:54 +0000. Datasource DataSourceNoCloud [seed=/dev/sdb][dsmode=net].  Up 26.01 seconds
[[0;32m  OK  [0m] Started Execute cloud user/final scripts.
[[0;32m  OK  [0m] Reached target Cloud-init target.

Ubuntu 18.04.2 LTS ubuntu-bionic ttyS0

ubuntu-bionic login: 